{
 "cells": [
  {
   "cell_type": "markdown",
   "id": "74c5d58a-b2ff-46fa-a361-fe749ede6117",
   "metadata": {
    "tags": []
   },
   "source": [
    "# Lab 10: Indices & Optimisation II"
   ]
  },
  {
   "cell_type": "markdown",
   "id": "d5f25694-0092-463f-8f95-b01ec18fb93b",
   "metadata": {},
   "source": [
    "### 2. Execution Plans"
   ]
  },
  {
   "cell_type": "code",
   "execution_count": 1,
   "id": "c7111d83-501e-46c2-9394-1629ddf93204",
   "metadata": {
    "execution": {
     "iopub.execute_input": "2023-12-23T22:51:10.811600Z",
     "iopub.status.busy": "2023-12-23T22:51:10.811279Z",
     "iopub.status.idle": "2023-12-23T22:51:11.127852Z",
     "shell.execute_reply": "2023-12-23T22:51:11.127297Z",
     "shell.execute_reply.started": "2023-12-23T22:51:10.811582Z"
    },
    "tags": []
   },
   "outputs": [],
   "source": [
    "%load_ext sql\n",
    "%config SqlMagic.displaylimit = 30\n",
    "%sql postgresql+psycopg://bank:bank@postgres/bank_index"
   ]
  },
  {
   "cell_type": "markdown",
   "id": "8f0a8830-bb9d-4fc3-99f0-4dcba323f24a",
   "metadata": {},
   "source": [
    "3. Consider two queries: one to obtain the accounts with a balance equal to â‚¬1000, and another to obtain the maximum balance."
   ]
  },
  {
   "cell_type": "markdown",
   "id": "6e098535-6a95-4b22-819f-dc2195bcce7f",
   "metadata": {},
   "source": [
    "4. Run the queries and note the time it takes the system to execute each command."
   ]
  },
  {
   "cell_type": "code",
   "execution_count": 2,
   "id": "f9776439-ff53-4029-a34f-9084209d9d72",
   "metadata": {
    "execution": {
     "iopub.execute_input": "2023-12-23T22:51:13.021668Z",
     "iopub.status.busy": "2023-12-23T22:51:13.021293Z",
     "iopub.status.idle": "2023-12-23T22:51:13.053595Z",
     "shell.execute_reply": "2023-12-23T22:51:13.052931Z",
     "shell.execute_reply.started": "2023-12-23T22:51:13.021652Z"
    }
   },
   "outputs": [
    {
     "data": {
      "text/html": [
       "<span style=\"None\">Running query in &#x27;postgresql+psycopg://bank:***@postgres/bank_index&#x27;</span>"
      ],
      "text/plain": [
       "Running query in 'postgresql+psycopg://bank:***@postgres/bank_index'"
      ]
     },
     "metadata": {},
     "output_type": "display_data"
    },
    {
     "data": {
      "text/html": [
       "<span style=\"color: green\">8 rows affected.</span>"
      ],
      "text/plain": [
       "8 rows affected."
      ]
     },
     "metadata": {},
     "output_type": "display_data"
    },
    {
     "data": {
      "text/html": [
       "<table>\n",
       "    <thead>\n",
       "        <tr>\n",
       "            <th>QUERY PLAN</th>\n",
       "        </tr>\n",
       "    </thead>\n",
       "    <tbody>\n",
       "        <tr>\n",
       "            <td>Seq Scan on account  (cost=0.00..1931.00 rows=20 width=10) (actual time=0.201..12.735 rows=22 loops=1)</td>\n",
       "        </tr>\n",
       "        <tr>\n",
       "            <td>&nbsp;&nbsp;Filter: (balance = '1000'::numeric)</td>\n",
       "        </tr>\n",
       "        <tr>\n",
       "            <td>&nbsp;&nbsp;Rows Removed by Filter: 99978</td>\n",
       "        </tr>\n",
       "        <tr>\n",
       "            <td>&nbsp;&nbsp;Buffers: shared hit=681</td>\n",
       "        </tr>\n",
       "        <tr>\n",
       "            <td>Planning:</td>\n",
       "        </tr>\n",
       "        <tr>\n",
       "            <td>&nbsp;&nbsp;Buffers: shared hit=33</td>\n",
       "        </tr>\n",
       "        <tr>\n",
       "            <td>Planning Time: 0.116 ms</td>\n",
       "        </tr>\n",
       "        <tr>\n",
       "            <td>Execution Time: 12.746 ms</td>\n",
       "        </tr>\n",
       "    </tbody>\n",
       "</table>"
      ],
      "text/plain": [
       "+--------------------------------------------------------------------------------------------------------+\n",
       "|                                               QUERY PLAN                                               |\n",
       "+--------------------------------------------------------------------------------------------------------+\n",
       "| Seq Scan on account  (cost=0.00..1931.00 rows=20 width=10) (actual time=0.201..12.735 rows=22 loops=1) |\n",
       "|                                   Filter: (balance = '1000'::numeric)                                  |\n",
       "|                                      Rows Removed by Filter: 99978                                     |\n",
       "|                                         Buffers: shared hit=681                                        |\n",
       "|                                               Planning:                                                |\n",
       "|                                          Buffers: shared hit=33                                        |\n",
       "|                                        Planning Time: 0.116 ms                                         |\n",
       "|                                       Execution Time: 12.746 ms                                        |\n",
       "+--------------------------------------------------------------------------------------------------------+"
      ]
     },
     "execution_count": 2,
     "metadata": {},
     "output_type": "execute_result"
    }
   ],
   "source": [
    "%%sql\n",
    "\n",
    "EXPLAIN (ANALYZE, BUFFERS)\n",
    "    SELECT account_number FROM account WHERE balance = 1000;"
   ]
  },
  {
   "cell_type": "markdown",
   "id": "224eef0c-1dd7-4dd9-bfdd-e5c5df3635e9",
   "metadata": {},
   "source": [
    "Note the time it takes the system to execute this command"
   ]
  },
  {
   "cell_type": "code",
   "execution_count": 3,
   "id": "6414c5b8",
   "metadata": {
    "execution": {
     "iopub.execute_input": "2023-12-23T22:51:18.693703Z",
     "iopub.status.busy": "2023-12-23T22:51:18.693456Z",
     "iopub.status.idle": "2023-12-23T22:51:18.720808Z",
     "shell.execute_reply": "2023-12-23T22:51:18.720246Z",
     "shell.execute_reply.started": "2023-12-23T22:51:18.693686Z"
    }
   },
   "outputs": [
    {
     "data": {
      "text/html": [
       "<span style=\"None\">Running query in &#x27;postgresql+psycopg://bank:***@postgres/bank_index&#x27;</span>"
      ],
      "text/plain": [
       "Running query in 'postgresql+psycopg://bank:***@postgres/bank_index'"
      ]
     },
     "metadata": {},
     "output_type": "display_data"
    },
    {
     "data": {
      "text/html": [
       "<span style=\"color: green\">8 rows affected.</span>"
      ],
      "text/plain": [
       "8 rows affected."
      ]
     },
     "metadata": {},
     "output_type": "display_data"
    },
    {
     "data": {
      "text/html": [
       "<table>\n",
       "    <thead>\n",
       "        <tr>\n",
       "            <th>QUERY PLAN</th>\n",
       "        </tr>\n",
       "    </thead>\n",
       "    <tbody>\n",
       "        <tr>\n",
       "            <td>Aggregate  (cost=1931.00..1931.01 rows=1 width=32) (actual time=12.302..12.303 rows=1 loops=1)</td>\n",
       "        </tr>\n",
       "        <tr>\n",
       "            <td>&nbsp;&nbsp;Buffers: shared hit=681</td>\n",
       "        </tr>\n",
       "        <tr>\n",
       "            <td>&nbsp;&nbsp;->  Seq Scan on account  (cost=0.00..1681.00 rows=100000 width=4) (actual time=0.003..4.475 rows=100000 loops=1)</td>\n",
       "        </tr>\n",
       "        <tr>\n",
       "            <td>&nbsp;&nbsp;&nbsp;&nbsp;&nbsp;&nbsp;&nbsp;&nbsp;Buffers: shared hit=681</td>\n",
       "        </tr>\n",
       "        <tr>\n",
       "            <td>Planning:</td>\n",
       "        </tr>\n",
       "        <tr>\n",
       "            <td>&nbsp;&nbsp;Buffers: shared hit=19</td>\n",
       "        </tr>\n",
       "        <tr>\n",
       "            <td>Planning Time: 0.109 ms</td>\n",
       "        </tr>\n",
       "        <tr>\n",
       "            <td>Execution Time: 12.338 ms</td>\n",
       "        </tr>\n",
       "    </tbody>\n",
       "</table>"
      ],
      "text/plain": [
       "+--------------------------------------------------------------------------------------------------------------------+\n",
       "|                                                     QUERY PLAN                                                     |\n",
       "+--------------------------------------------------------------------------------------------------------------------+\n",
       "|           Aggregate  (cost=1931.00..1931.01 rows=1 width=32) (actual time=12.302..12.303 rows=1 loops=1)           |\n",
       "|                                               Buffers: shared hit=681                                              |\n",
       "|   ->  Seq Scan on account  (cost=0.00..1681.00 rows=100000 width=4) (actual time=0.003..4.475 rows=100000 loops=1) |\n",
       "|                                                  Buffers: shared hit=681                                           |\n",
       "|                                                     Planning:                                                      |\n",
       "|                                                Buffers: shared hit=19                                              |\n",
       "|                                              Planning Time: 0.109 ms                                               |\n",
       "|                                             Execution Time: 12.338 ms                                              |\n",
       "+--------------------------------------------------------------------------------------------------------------------+"
      ]
     },
     "execution_count": 3,
     "metadata": {},
     "output_type": "execute_result"
    }
   ],
   "source": [
    "%%sql\n",
    "\n",
    "EXPLAIN (ANALYZE, BUFFERS)\n",
    "    SELECT MAX(balance) FROM account;"
   ]
  },
  {
   "cell_type": "markdown",
   "id": "60e4431f-16dc-4758-9ac2-6e6a9c782c50",
   "metadata": {},
   "source": [
    "Note the time it takes the system to execute this command"
   ]
  },
  {
   "cell_type": "markdown",
   "id": "babcf88f-311d-41c5-b098-e7a0e635af0e",
   "metadata": {},
   "source": [
    "5. Create an index for the balance column with the command:"
   ]
  },
  {
   "cell_type": "code",
   "execution_count": 4,
   "id": "188498e5-5dd3-4158-ad65-dd37237811f0",
   "metadata": {
    "execution": {
     "iopub.execute_input": "2023-12-23T22:51:30.664707Z",
     "iopub.status.busy": "2023-12-23T22:51:30.664114Z",
     "iopub.status.idle": "2023-12-23T22:51:30.754412Z",
     "shell.execute_reply": "2023-12-23T22:51:30.753826Z",
     "shell.execute_reply.started": "2023-12-23T22:51:30.664688Z"
    }
   },
   "outputs": [
    {
     "data": {
      "text/html": [
       "<span style=\"None\">Running query in &#x27;postgresql+psycopg://bank:***@postgres/bank_index&#x27;</span>"
      ],
      "text/plain": [
       "Running query in 'postgresql+psycopg://bank:***@postgres/bank_index'"
      ]
     },
     "metadata": {},
     "output_type": "display_data"
    },
    {
     "data": {
      "text/html": [
       "<table>\n",
       "    <thead>\n",
       "        <tr>\n",
       "        </tr>\n",
       "    </thead>\n",
       "    <tbody>\n",
       "    </tbody>\n",
       "</table>"
      ],
      "text/plain": [
       "++\n",
       "||\n",
       "++\n",
       "++"
      ]
     },
     "execution_count": 4,
     "metadata": {},
     "output_type": "execute_result"
    }
   ],
   "source": [
    "%%sql\n",
    "\n",
    "CREATE INDEX balance_idx ON account(balance);"
   ]
  },
  {
   "cell_type": "markdown",
   "id": "de2af8bf-2a33-4ebf-8a6b-520e44dee911",
   "metadata": {},
   "source": [
    "What kind of index is it? Is this index primary or secondary? Why?"
   ]
  },
  {
   "cell_type": "markdown",
   "id": "9ed80c38-81de-44d4-a2ed-b82cfc9c26d9",
   "metadata": {},
   "source": [
    "6. Repeat step 4 and note the time. For both queries, how do you explain the possible time difference?"
   ]
  },
  {
   "cell_type": "code",
   "execution_count": 5,
   "id": "c3f1f1bf-3075-4f59-a60a-0b5ffa1c0caf",
   "metadata": {
    "execution": {
     "iopub.execute_input": "2023-12-23T22:51:39.529301Z",
     "iopub.status.busy": "2023-12-23T22:51:39.528912Z",
     "iopub.status.idle": "2023-12-23T22:51:39.541486Z",
     "shell.execute_reply": "2023-12-23T22:51:39.540812Z",
     "shell.execute_reply.started": "2023-12-23T22:51:39.529283Z"
    }
   },
   "outputs": [
    {
     "data": {
      "text/html": [
       "<span style=\"None\">Running query in &#x27;postgresql+psycopg://bank:***@postgres/bank_index&#x27;</span>"
      ],
      "text/plain": [
       "Running query in 'postgresql+psycopg://bank:***@postgres/bank_index'"
      ]
     },
     "metadata": {},
     "output_type": "display_data"
    },
    {
     "data": {
      "text/html": [
       "<span style=\"color: green\">11 rows affected.</span>"
      ],
      "text/plain": [
       "11 rows affected."
      ]
     },
     "metadata": {},
     "output_type": "display_data"
    },
    {
     "data": {
      "text/html": [
       "<table>\n",
       "    <thead>\n",
       "        <tr>\n",
       "            <th>QUERY PLAN</th>\n",
       "        </tr>\n",
       "    </thead>\n",
       "    <tbody>\n",
       "        <tr>\n",
       "            <td>Bitmap Heap Scan on account  (cost=4.57..74.54 rows=20 width=10) (actual time=0.078..0.103 rows=22 loops=1)</td>\n",
       "        </tr>\n",
       "        <tr>\n",
       "            <td>&nbsp;&nbsp;Recheck Cond: (balance = '1000'::numeric)</td>\n",
       "        </tr>\n",
       "        <tr>\n",
       "            <td>&nbsp;&nbsp;Heap Blocks: exact=21</td>\n",
       "        </tr>\n",
       "        <tr>\n",
       "            <td>&nbsp;&nbsp;Buffers: shared hit=21 read=3</td>\n",
       "        </tr>\n",
       "        <tr>\n",
       "            <td>&nbsp;&nbsp;->  Bitmap Index Scan on balance_idx  (cost=0.00..4.57 rows=20 width=0) (actual time=0.072..0.073 rows=22 loops=1)</td>\n",
       "        </tr>\n",
       "        <tr>\n",
       "            <td>&nbsp;&nbsp;&nbsp;&nbsp;&nbsp;&nbsp;&nbsp;&nbsp;Index Cond: (balance = '1000'::numeric)</td>\n",
       "        </tr>\n",
       "        <tr>\n",
       "            <td>&nbsp;&nbsp;&nbsp;&nbsp;&nbsp;&nbsp;&nbsp;&nbsp;Buffers: shared read=3</td>\n",
       "        </tr>\n",
       "        <tr>\n",
       "            <td>Planning:</td>\n",
       "        </tr>\n",
       "        <tr>\n",
       "            <td>&nbsp;&nbsp;Buffers: shared hit=19 read=1</td>\n",
       "        </tr>\n",
       "        <tr>\n",
       "            <td>Planning Time: 0.236 ms</td>\n",
       "        </tr>\n",
       "        <tr>\n",
       "            <td>Execution Time: 0.116 ms</td>\n",
       "        </tr>\n",
       "    </tbody>\n",
       "</table>"
      ],
      "text/plain": [
       "+----------------------------------------------------------------------------------------------------------------------+\n",
       "|                                                      QUERY PLAN                                                      |\n",
       "+----------------------------------------------------------------------------------------------------------------------+\n",
       "|     Bitmap Heap Scan on account  (cost=4.57..74.54 rows=20 width=10) (actual time=0.078..0.103 rows=22 loops=1)      |\n",
       "|                                       Recheck Cond: (balance = '1000'::numeric)                                      |\n",
       "|                                                 Heap Blocks: exact=21                                                |\n",
       "|                                             Buffers: shared hit=21 read=3                                            |\n",
       "|   ->  Bitmap Index Scan on balance_idx  (cost=0.00..4.57 rows=20 width=0) (actual time=0.072..0.073 rows=22 loops=1) |\n",
       "|                                           Index Cond: (balance = '1000'::numeric)                                    |\n",
       "|                                                    Buffers: shared read=3                                            |\n",
       "|                                                      Planning:                                                       |\n",
       "|                                             Buffers: shared hit=19 read=1                                            |\n",
       "|                                               Planning Time: 0.236 ms                                                |\n",
       "|                                               Execution Time: 0.116 ms                                               |\n",
       "+----------------------------------------------------------------------------------------------------------------------+"
      ]
     },
     "execution_count": 5,
     "metadata": {},
     "output_type": "execute_result"
    }
   ],
   "source": [
    "%%sql\n",
    "\n",
    "EXPLAIN (ANALYZE, BUFFERS)\n",
    "    SELECT account_number FROM account WHERE balance = 1000;"
   ]
  },
  {
   "cell_type": "code",
   "execution_count": 6,
   "id": "0716e1bc-a64a-4f9b-8da9-140e962b2014",
   "metadata": {
    "execution": {
     "iopub.execute_input": "2023-12-23T22:51:46.085727Z",
     "iopub.status.busy": "2023-12-23T22:51:46.085375Z",
     "iopub.status.idle": "2023-12-23T22:51:46.098318Z",
     "shell.execute_reply": "2023-12-23T22:51:46.097783Z",
     "shell.execute_reply.started": "2023-12-23T22:51:46.085710Z"
    }
   },
   "outputs": [
    {
     "data": {
      "text/html": [
       "<span style=\"None\">Running query in &#x27;postgresql+psycopg://bank:***@postgres/bank_index&#x27;</span>"
      ],
      "text/plain": [
       "Running query in 'postgresql+psycopg://bank:***@postgres/bank_index'"
      ]
     },
     "metadata": {},
     "output_type": "display_data"
    },
    {
     "data": {
      "text/html": [
       "<span style=\"color: green\">11 rows affected.</span>"
      ],
      "text/plain": [
       "11 rows affected."
      ]
     },
     "metadata": {},
     "output_type": "display_data"
    },
    {
     "data": {
      "text/html": [
       "<table>\n",
       "    <thead>\n",
       "        <tr>\n",
       "            <th>QUERY PLAN</th>\n",
       "        </tr>\n",
       "    </thead>\n",
       "    <tbody>\n",
       "        <tr>\n",
       "            <td>Result  (cost=0.45..0.46 rows=1 width=32) (actual time=0.090..0.091 rows=1 loops=1)</td>\n",
       "        </tr>\n",
       "        <tr>\n",
       "            <td>&nbsp;&nbsp;Buffers: shared hit=2 read=2</td>\n",
       "        </tr>\n",
       "        <tr>\n",
       "            <td>&nbsp;&nbsp;InitPlan 1 (returns $0)</td>\n",
       "        </tr>\n",
       "        <tr>\n",
       "            <td>&nbsp;&nbsp;&nbsp;&nbsp;->  Limit  (cost=0.42..0.45 rows=1 width=4) (actual time=0.088..0.088 rows=1 loops=1)</td>\n",
       "        </tr>\n",
       "        <tr>\n",
       "            <td>&nbsp;&nbsp;&nbsp;&nbsp;&nbsp;&nbsp;&nbsp;&nbsp;&nbsp;&nbsp;Buffers: shared hit=2 read=2</td>\n",
       "        </tr>\n",
       "        <tr>\n",
       "            <td>&nbsp;&nbsp;&nbsp;&nbsp;&nbsp;&nbsp;&nbsp;&nbsp;&nbsp;&nbsp;->  Index Only Scan Backward using balance_idx on account  (cost=0.42..2862.42 rows=100000 width=4) (actual time=0.087..0.087 rows=1 loops=1)</td>\n",
       "        </tr>\n",
       "        <tr>\n",
       "            <td>&nbsp;&nbsp;&nbsp;&nbsp;&nbsp;&nbsp;&nbsp;&nbsp;&nbsp;&nbsp;&nbsp;&nbsp;&nbsp;&nbsp;&nbsp;&nbsp;Index Cond: (balance IS NOT NULL)</td>\n",
       "        </tr>\n",
       "        <tr>\n",
       "            <td>&nbsp;&nbsp;&nbsp;&nbsp;&nbsp;&nbsp;&nbsp;&nbsp;&nbsp;&nbsp;&nbsp;&nbsp;&nbsp;&nbsp;&nbsp;&nbsp;Heap Fetches: 0</td>\n",
       "        </tr>\n",
       "        <tr>\n",
       "            <td>&nbsp;&nbsp;&nbsp;&nbsp;&nbsp;&nbsp;&nbsp;&nbsp;&nbsp;&nbsp;&nbsp;&nbsp;&nbsp;&nbsp;&nbsp;&nbsp;Buffers: shared hit=2 read=2</td>\n",
       "        </tr>\n",
       "        <tr>\n",
       "            <td>Planning Time: 0.086 ms</td>\n",
       "        </tr>\n",
       "        <tr>\n",
       "            <td>Execution Time: 0.126 ms</td>\n",
       "        </tr>\n",
       "    </tbody>\n",
       "</table>"
      ],
      "text/plain": [
       "+---------------------------------------------------------------------------------------------------------------------------------------------------------+\n",
       "|                                                                        QUERY PLAN                                                                       |\n",
       "+---------------------------------------------------------------------------------------------------------------------------------------------------------+\n",
       "|                                   Result  (cost=0.45..0.46 rows=1 width=32) (actual time=0.090..0.091 rows=1 loops=1)                                   |\n",
       "|                                                                Buffers: shared hit=2 read=2                                                             |\n",
       "|                                                                  InitPlan 1 (returns $0)                                                                |\n",
       "|                                    ->  Limit  (cost=0.42..0.45 rows=1 width=4) (actual time=0.088..0.088 rows=1 loops=1)                                |\n",
       "|                                                                    Buffers: shared hit=2 read=2                                                         |\n",
       "|           ->  Index Only Scan Backward using balance_idx on account  (cost=0.42..2862.42 rows=100000 width=4) (actual time=0.087..0.087 rows=1 loops=1) |\n",
       "|                                                                    Index Cond: (balance IS NOT NULL)                                                    |\n",
       "|                                                                             Heap Fetches: 0                                                             |\n",
       "|                                                                       Buffers: shared hit=2 read=2                                                      |\n",
       "|                                                                 Planning Time: 0.086 ms                                                                 |\n",
       "|                                                                 Execution Time: 0.126 ms                                                                |\n",
       "+---------------------------------------------------------------------------------------------------------------------------------------------------------+"
      ]
     },
     "execution_count": 6,
     "metadata": {},
     "output_type": "execute_result"
    }
   ],
   "source": [
    "%%sql\n",
    "\n",
    "EXPLAIN (ANALYZE, BUFFERS)\n",
    "    SELECT MAX(balance) FROM account;"
   ]
  },
  {
   "cell_type": "markdown",
   "id": "0fad3d20-e591-4c70-964f-5038be751586",
   "metadata": {},
   "source": [
    "7. Delete the index created previously in step 5"
   ]
  },
  {
   "cell_type": "code",
   "execution_count": 7,
   "id": "5a0dbada-895a-48f8-9d97-1b4b97ad8578",
   "metadata": {
    "execution": {
     "iopub.execute_input": "2023-12-23T22:51:55.681102Z",
     "iopub.status.busy": "2023-12-23T22:51:55.680714Z",
     "iopub.status.idle": "2023-12-23T22:51:55.702609Z",
     "shell.execute_reply": "2023-12-23T22:51:55.702027Z",
     "shell.execute_reply.started": "2023-12-23T22:51:55.681085Z"
    }
   },
   "outputs": [
    {
     "data": {
      "text/html": [
       "<span style=\"None\">Running query in &#x27;postgresql+psycopg://bank:***@postgres/bank_index&#x27;</span>"
      ],
      "text/plain": [
       "Running query in 'postgresql+psycopg://bank:***@postgres/bank_index'"
      ]
     },
     "metadata": {},
     "output_type": "display_data"
    },
    {
     "data": {
      "text/html": [
       "<table>\n",
       "    <thead>\n",
       "        <tr>\n",
       "        </tr>\n",
       "    </thead>\n",
       "    <tbody>\n",
       "    </tbody>\n",
       "</table>"
      ],
      "text/plain": [
       "++\n",
       "||\n",
       "++\n",
       "++"
      ]
     },
     "execution_count": 7,
     "metadata": {},
     "output_type": "execute_result"
    }
   ],
   "source": [
    "%%sql\n",
    "\n",
    "DROP INDEX balance_idx;"
   ]
  },
  {
   "cell_type": "markdown",
   "id": "ddfa5fcf-a4a7-428d-8c25-533f5b5e8b9d",
   "metadata": {},
   "source": [
    "8. Create a HASH index for the balance column with the command:"
   ]
  },
  {
   "cell_type": "code",
   "execution_count": 8,
   "id": "ec5e52e7-3c48-4c8b-9ab6-80b31d11b1bc",
   "metadata": {
    "execution": {
     "iopub.execute_input": "2023-12-23T22:52:00.169423Z",
     "iopub.status.busy": "2023-12-23T22:52:00.169074Z",
     "iopub.status.idle": "2023-12-23T22:52:00.258399Z",
     "shell.execute_reply": "2023-12-23T22:52:00.257884Z",
     "shell.execute_reply.started": "2023-12-23T22:52:00.169404Z"
    }
   },
   "outputs": [
    {
     "data": {
      "text/html": [
       "<span style=\"None\">Running query in &#x27;postgresql+psycopg://bank:***@postgres/bank_index&#x27;</span>"
      ],
      "text/plain": [
       "Running query in 'postgresql+psycopg://bank:***@postgres/bank_index'"
      ]
     },
     "metadata": {},
     "output_type": "display_data"
    },
    {
     "data": {
      "text/html": [
       "<table>\n",
       "    <thead>\n",
       "        <tr>\n",
       "        </tr>\n",
       "    </thead>\n",
       "    <tbody>\n",
       "    </tbody>\n",
       "</table>"
      ],
      "text/plain": [
       "++\n",
       "||\n",
       "++\n",
       "++"
      ]
     },
     "execution_count": 8,
     "metadata": {},
     "output_type": "execute_result"
    }
   ],
   "source": [
    "%%sql\n",
    "\n",
    "CREATE INDEX balance_idx ON account USING HASH(balance);"
   ]
  },
  {
   "cell_type": "markdown",
   "id": "b4bde349-7aaa-421f-8734-f31cb3c324a5",
   "metadata": {},
   "source": [
    "9. Repeat step 4 and note the time. How do you explain the possible time difference?"
   ]
  },
  {
   "cell_type": "code",
   "execution_count": 9,
   "id": "bb26e75b-7f5b-4192-9102-6a3d0232d908",
   "metadata": {
    "execution": {
     "iopub.execute_input": "2023-12-23T22:52:07.122773Z",
     "iopub.status.busy": "2023-12-23T22:52:07.122466Z",
     "iopub.status.idle": "2023-12-23T22:52:07.134883Z",
     "shell.execute_reply": "2023-12-23T22:52:07.134368Z",
     "shell.execute_reply.started": "2023-12-23T22:52:07.122757Z"
    }
   },
   "outputs": [
    {
     "data": {
      "text/html": [
       "<span style=\"None\">Running query in &#x27;postgresql+psycopg://bank:***@postgres/bank_index&#x27;</span>"
      ],
      "text/plain": [
       "Running query in 'postgresql+psycopg://bank:***@postgres/bank_index'"
      ]
     },
     "metadata": {},
     "output_type": "display_data"
    },
    {
     "data": {
      "text/html": [
       "<span style=\"color: green\">11 rows affected.</span>"
      ],
      "text/plain": [
       "11 rows affected."
      ]
     },
     "metadata": {},
     "output_type": "display_data"
    },
    {
     "data": {
      "text/html": [
       "<table>\n",
       "    <thead>\n",
       "        <tr>\n",
       "            <th>QUERY PLAN</th>\n",
       "        </tr>\n",
       "    </thead>\n",
       "    <tbody>\n",
       "        <tr>\n",
       "            <td>Bitmap Heap Scan on account  (cost=4.16..74.12 rows=20 width=10) (actual time=0.014..0.037 rows=22 loops=1)</td>\n",
       "        </tr>\n",
       "        <tr>\n",
       "            <td>&nbsp;&nbsp;Recheck Cond: (balance = '1000'::numeric)</td>\n",
       "        </tr>\n",
       "        <tr>\n",
       "            <td>&nbsp;&nbsp;Heap Blocks: exact=21</td>\n",
       "        </tr>\n",
       "        <tr>\n",
       "            <td>&nbsp;&nbsp;Buffers: shared hit=23</td>\n",
       "        </tr>\n",
       "        <tr>\n",
       "            <td>&nbsp;&nbsp;->  Bitmap Index Scan on balance_idx  (cost=0.00..4.15 rows=20 width=0) (actual time=0.009..0.009 rows=22 loops=1)</td>\n",
       "        </tr>\n",
       "        <tr>\n",
       "            <td>&nbsp;&nbsp;&nbsp;&nbsp;&nbsp;&nbsp;&nbsp;&nbsp;Index Cond: (balance = '1000'::numeric)</td>\n",
       "        </tr>\n",
       "        <tr>\n",
       "            <td>&nbsp;&nbsp;&nbsp;&nbsp;&nbsp;&nbsp;&nbsp;&nbsp;Buffers: shared hit=2</td>\n",
       "        </tr>\n",
       "        <tr>\n",
       "            <td>Planning:</td>\n",
       "        </tr>\n",
       "        <tr>\n",
       "            <td>&nbsp;&nbsp;Buffers: shared hit=17</td>\n",
       "        </tr>\n",
       "        <tr>\n",
       "            <td>Planning Time: 0.084 ms</td>\n",
       "        </tr>\n",
       "        <tr>\n",
       "            <td>Execution Time: 0.046 ms</td>\n",
       "        </tr>\n",
       "    </tbody>\n",
       "</table>"
      ],
      "text/plain": [
       "+----------------------------------------------------------------------------------------------------------------------+\n",
       "|                                                      QUERY PLAN                                                      |\n",
       "+----------------------------------------------------------------------------------------------------------------------+\n",
       "|     Bitmap Heap Scan on account  (cost=4.16..74.12 rows=20 width=10) (actual time=0.014..0.037 rows=22 loops=1)      |\n",
       "|                                       Recheck Cond: (balance = '1000'::numeric)                                      |\n",
       "|                                                 Heap Blocks: exact=21                                                |\n",
       "|                                                 Buffers: shared hit=23                                               |\n",
       "|   ->  Bitmap Index Scan on balance_idx  (cost=0.00..4.15 rows=20 width=0) (actual time=0.009..0.009 rows=22 loops=1) |\n",
       "|                                           Index Cond: (balance = '1000'::numeric)                                    |\n",
       "|                                                    Buffers: shared hit=2                                             |\n",
       "|                                                      Planning:                                                       |\n",
       "|                                                 Buffers: shared hit=17                                               |\n",
       "|                                               Planning Time: 0.084 ms                                                |\n",
       "|                                               Execution Time: 0.046 ms                                               |\n",
       "+----------------------------------------------------------------------------------------------------------------------+"
      ]
     },
     "execution_count": 9,
     "metadata": {},
     "output_type": "execute_result"
    }
   ],
   "source": [
    "%%sql\n",
    "\n",
    "EXPLAIN (ANALYZE, BUFFERS)\n",
    "    SELECT account_number FROM account WHERE balance = 1000;"
   ]
  },
  {
   "cell_type": "code",
   "execution_count": 10,
   "id": "8ce0ca47-f141-4344-8a9b-0206e590ad1e",
   "metadata": {
    "execution": {
     "iopub.execute_input": "2023-12-23T22:52:11.263991Z",
     "iopub.status.busy": "2023-12-23T22:52:11.263605Z",
     "iopub.status.idle": "2023-12-23T22:52:11.288674Z",
     "shell.execute_reply": "2023-12-23T22:52:11.288134Z",
     "shell.execute_reply.started": "2023-12-23T22:52:11.263974Z"
    }
   },
   "outputs": [
    {
     "data": {
      "text/html": [
       "<span style=\"None\">Running query in &#x27;postgresql+psycopg://bank:***@postgres/bank_index&#x27;</span>"
      ],
      "text/plain": [
       "Running query in 'postgresql+psycopg://bank:***@postgres/bank_index'"
      ]
     },
     "metadata": {},
     "output_type": "display_data"
    },
    {
     "data": {
      "text/html": [
       "<span style=\"color: green\">6 rows affected.</span>"
      ],
      "text/plain": [
       "6 rows affected."
      ]
     },
     "metadata": {},
     "output_type": "display_data"
    },
    {
     "data": {
      "text/html": [
       "<table>\n",
       "    <thead>\n",
       "        <tr>\n",
       "            <th>QUERY PLAN</th>\n",
       "        </tr>\n",
       "    </thead>\n",
       "    <tbody>\n",
       "        <tr>\n",
       "            <td>Aggregate  (cost=1931.00..1931.01 rows=1 width=32) (actual time=13.094..13.095 rows=1 loops=1)</td>\n",
       "        </tr>\n",
       "        <tr>\n",
       "            <td>&nbsp;&nbsp;Buffers: shared hit=681</td>\n",
       "        </tr>\n",
       "        <tr>\n",
       "            <td>&nbsp;&nbsp;->  Seq Scan on account  (cost=0.00..1681.00 rows=100000 width=4) (actual time=0.006..4.550 rows=100000 loops=1)</td>\n",
       "        </tr>\n",
       "        <tr>\n",
       "            <td>&nbsp;&nbsp;&nbsp;&nbsp;&nbsp;&nbsp;&nbsp;&nbsp;Buffers: shared hit=681</td>\n",
       "        </tr>\n",
       "        <tr>\n",
       "            <td>Planning Time: 0.072 ms</td>\n",
       "        </tr>\n",
       "        <tr>\n",
       "            <td>Execution Time: 13.115 ms</td>\n",
       "        </tr>\n",
       "    </tbody>\n",
       "</table>"
      ],
      "text/plain": [
       "+--------------------------------------------------------------------------------------------------------------------+\n",
       "|                                                     QUERY PLAN                                                     |\n",
       "+--------------------------------------------------------------------------------------------------------------------+\n",
       "|           Aggregate  (cost=1931.00..1931.01 rows=1 width=32) (actual time=13.094..13.095 rows=1 loops=1)           |\n",
       "|                                               Buffers: shared hit=681                                              |\n",
       "|   ->  Seq Scan on account  (cost=0.00..1681.00 rows=100000 width=4) (actual time=0.006..4.550 rows=100000 loops=1) |\n",
       "|                                                  Buffers: shared hit=681                                           |\n",
       "|                                              Planning Time: 0.072 ms                                               |\n",
       "|                                             Execution Time: 13.115 ms                                              |\n",
       "+--------------------------------------------------------------------------------------------------------------------+"
      ]
     },
     "execution_count": 10,
     "metadata": {},
     "output_type": "execute_result"
    }
   ],
   "source": [
    "%%sql\n",
    "\n",
    "EXPLAIN (ANALYZE, BUFFERS)\n",
    "    SELECT MAX(balance) FROM account;"
   ]
  },
  {
   "cell_type": "markdown",
   "id": "4e672d9d-34a2-4e73-afaa-f37760829f38",
   "metadata": {},
   "source": [
    "10. Delete the index created in step 8:"
   ]
  },
  {
   "cell_type": "code",
   "execution_count": 11,
   "id": "dca1b99a-8c00-4154-ac5b-ce6fd7b9fbb5",
   "metadata": {
    "execution": {
     "iopub.execute_input": "2023-12-23T22:52:31.497904Z",
     "iopub.status.busy": "2023-12-23T22:52:31.497514Z",
     "iopub.status.idle": "2023-12-23T22:52:31.509717Z",
     "shell.execute_reply": "2023-12-23T22:52:31.509065Z",
     "shell.execute_reply.started": "2023-12-23T22:52:31.497887Z"
    }
   },
   "outputs": [
    {
     "data": {
      "text/html": [
       "<span style=\"None\">Running query in &#x27;postgresql+psycopg://bank:***@postgres/bank_index&#x27;</span>"
      ],
      "text/plain": [
       "Running query in 'postgresql+psycopg://bank:***@postgres/bank_index'"
      ]
     },
     "metadata": {},
     "output_type": "display_data"
    },
    {
     "data": {
      "text/html": [
       "<table>\n",
       "    <thead>\n",
       "        <tr>\n",
       "        </tr>\n",
       "    </thead>\n",
       "    <tbody>\n",
       "    </tbody>\n",
       "</table>"
      ],
      "text/plain": [
       "++\n",
       "||\n",
       "++\n",
       "++"
      ]
     },
     "execution_count": 11,
     "metadata": {},
     "output_type": "execute_result"
    }
   ],
   "source": [
    "%%sql\n",
    "\n",
    "DROP INDEX balance_idx;"
   ]
  },
  {
   "cell_type": "markdown",
   "id": "1c31fd20-a9ae-47b6-aeb2-94503a8cbc9c",
   "metadata": {},
   "source": [
    "### 3. Query Optimisation"
   ]
  },
  {
   "cell_type": "markdown",
   "id": "2a897705-b7fd-43c0-8815-edba733cc29e",
   "metadata": {},
   "source": [
    "Given a table"
   ]
  },
  {
   "cell_type": "code",
   "execution_count": null,
   "id": "ef6ae497-a345-4dd7-94ef-a46f47ec8ec2",
   "metadata": {},
   "outputs": [],
   "source": [
    "%%sql\n",
    "\n",
    "DROP TABLE IF EXISTS employee;\n",
    "    \n",
    "CREATE TABLE employee (\n",
    "  eid INTEGER PRIMARY KEY, \n",
    "  ename VARCHAR(40) NOT NULL,\n",
    "  address VARCHAR(255) NOT NULL, \n",
    "  salary NUMERIC(12,4) NOT NULL, \n",
    "  bdate DATE NOT NULL\n",
    ");"
   ]
  },
  {
   "cell_type": "markdown",
   "id": "3bdd7f0c-3453-4768-a021-3613e143fb2a",
   "metadata": {},
   "source": [
    "Which indexes can you create to improve the efficiency of the execution of each of the following queries (supposing that each of them is quite common).\n",
    "_Tip_: Consider writing down the SQL query and then analysing which indices would be more advantageous.  "
   ]
  },
  {
   "cell_type": "markdown",
   "id": "b645fdcd-77fa-4ea5-aeda-a6a7b1b6168c",
   "metadata": {},
   "source": [
    "a) What is the identifier, ename, and address of employees born within a certain range of dates?"
   ]
  },
  {
   "cell_type": "code",
   "execution_count": null,
   "id": "b6768fd8-4bca-476b-a836-581b5623f647",
   "metadata": {},
   "outputs": [],
   "source": [
    "%%sql\n",
    "\n",
    "EXPLAIN (ANALYZE, BUFFERS)\n",
    "    SELECT eid, ename, address, age(bdate) FROM employee\n",
    "    WHERE bdate BETWEEN '1988-01-01' AND '1993-12-31';"
   ]
  },
  {
   "cell_type": "code",
   "execution_count": null,
   "id": "45a9b100-89d8-4d2c-b20d-bed9de733e4b",
   "metadata": {},
   "outputs": [],
   "source": [
    "%%sql\n",
    "\n",
    "CREATE INDEX bdate_idx ON employee USING BTREE(bdate);"
   ]
  },
  {
   "cell_type": "code",
   "execution_count": null,
   "id": "d94ac9f3-82c3-42e1-9490-902aff7b3aa8",
   "metadata": {},
   "outputs": [],
   "source": [
    "%%sql\n",
    "\n",
    "EXPLAIN (ANALYZE, BUFFERS)\n",
    "    SELECT eid, ename, address, age(bdate) FROM employee\n",
    "    WHERE bdate BETWEEN '1988-01-01' AND '1993-12-31';"
   ]
  },
  {
   "cell_type": "code",
   "execution_count": null,
   "id": "e74b644a-6054-4eda-b104-bc14014c1823",
   "metadata": {},
   "outputs": [],
   "source": [
    "%%sql\n",
    "\n",
    "DROP INDEX bdate_idx;"
   ]
  },
  {
   "cell_type": "markdown",
   "id": "8532eadc-c6a0-4730-86fe-1d1f19bd4451",
   "metadata": {},
   "source": [
    "b) What is the identifier and address of employees with a given name?"
   ]
  },
  {
   "cell_type": "code",
   "execution_count": null,
   "id": "94e03cf9-0768-405f-9e2f-2bd497ed3688",
   "metadata": {},
   "outputs": [],
   "source": []
  },
  {
   "cell_type": "markdown",
   "id": "fe50d5b7-1137-43ae-a7fe-abda444f8493",
   "metadata": {},
   "source": [
    "c) What is the maximum salary for employees?"
   ]
  },
  {
   "cell_type": "code",
   "execution_count": null,
   "id": "7d75e4e3-6d8a-4529-ba00-1d9ee21a1c8f",
   "metadata": {},
   "outputs": [],
   "source": []
  },
  {
   "cell_type": "markdown",
   "id": "8caefd84-c9c7-4f28-b1cf-c2117c6a26eb",
   "metadata": {},
   "source": [
    "d) What is the average salary of employees by age?"
   ]
  },
  {
   "cell_type": "code",
   "execution_count": null,
   "id": "14092d6c-f27a-47ec-8b5e-6c3c85da3735",
   "metadata": {},
   "outputs": [],
   "source": []
  }
 ],
 "metadata": {
  "kernelspec": {
   "display_name": "Python 3 (ipykernel)",
   "language": "python",
   "name": "python3"
  },
  "language_info": {
   "codemirror_mode": {
    "name": "ipython",
    "version": 3
   },
   "file_extension": ".py",
   "mimetype": "text/x-python",
   "name": "python",
   "nbconvert_exporter": "python",
   "pygments_lexer": "ipython3",
   "version": "3.11.6"
  }
 },
 "nbformat": 4,
 "nbformat_minor": 5
}
